# JRE version: OpenJDK Runtime Environment (8.0_202) (build 1.8.0_202-release-1483-b49-5587405)
# Java VM: OpenJDK 64-Bit Server VM (25.202-b49-5587405 mixed mode bsd-amd64 compressed oops)
Heap:
 PSYoungGen      total 423424K, used 349665K [0x00000007a0000000, 0x00000007bfe00000, 0x00000007c0000000)
  eden space 322560K, 95% used [0x00000007a0000000,0x00000007b2c65d48,0x00000007b3b00000)
  from space 100864K, 41% used [0x00000007b3b00000,0x00000007b6412a18,0x00000007b9d80000)
  to   space 96768K, 0% used [0x00000007b9f80000,0x00000007b9f80000,0x00000007bfe00000)
 ParOldGen       total 316416K, used 181202K [0x0000000760000000, 0x0000000773500000, 0x00000007a0000000)
  object space 316416K, 57% used [0x0000000760000000,0x000000076b0f4a28,0x0000000773500000)
 Metaspace       used 102121K, capacity 108950K, committed 109336K, reserved 1144832K
  class space    used 12779K, capacity 13946K, committed 14120K, reserved 1048576K
GC Heap History (10 events):
Event: 13285.076 GC heap before
{Heap before GC invocations=76 (full 8):
 PSYoungGen      total 412672K, used 314224K [0x00000007a0000000, 0x00000007bfd80000, 0x00000007c0000000)
  eden space 306688K, 100% used [0x00000007a0000000,0x00000007b2b80000,0x00000007b2b80000)
  from space 105984K, 7% used [0x00000007b2b80000,0x00000007b32dc260,0x00000007b9300000)
  to   space 102912K, 0% used [0x00000007b9900000,0x00000007b9900000,0x00000007bfd80000)
 ParOldGen       total 364032K, used 292672K [0x0000000760000000, 0x0000000776380000, 0x00000007a0000000)
  object space 364032K, 80% used [0x0000000760000000,0x0000000771dd0010,0x0000000776380000)
 Metaspace       used 102037K, capacity 108916K, committed 109336K, reserved 1144832K
  class space    used 12776K, capacity 13941K, committed 14120K, reserved 1048576K
Event: 13285.233 GC heap after
Heap after GC invocations=76 (full 8):
 PSYoungGen      total 404480K, used 25567K [0x00000007a0000000, 0x00000007bf000000, 0x00000007c0000000)
  eden space 315392K, 0% used [0x00000007a0000000,0x00000007a0000000,0x00000007b3400000)
  from space 89088K, 28% used [0x00000007b9900000,0x00000007bb1f7c60,0x00000007bf000000)
  to   space 96256K, 0% used [0x00000007b3400000,0x00000007b3400000,0x00000007b9200000)
 ParOldGen       total 364032K, used 296223K [0x0000000760000000, 0x0000000776380000, 0x00000007a0000000)
  object space 364032K, 81% used [0x0000000760000000,0x0000000772147e10,0x0000000776380000)
 Metaspace       used 102037K, capacity 108916K, committed 109336K, reserved 1144832K
  class space    used 12776K, capacity 13941K, committed 14120K, reserved 1048576K
}
Event: 13285.757 GC heap before
{Heap before GC invocations=77 (full 8):
 PSYoungGen      total 404480K, used 340959K [0x00000007a0000000, 0x00000007bf000000, 0x00000007c0000000)
  eden space 315392K, 100% used [0x00000007a0000000,0x00000007b3400000,0x00000007b3400000)
  from space 89088K, 28% used [0x00000007b9900000,0x00000007bb1f7c60,0x00000007bf000000)
  to   space 96256K, 0% used [0x00000007b3400000,0x00000007b3400000,0x00000007b9200000)
 ParOldGen       total 364032K, used 296223K [0x0000000760000000, 0x0000000776380000, 0x00000007a0000000)
  object space 364032K, 81% used [0x0000000760000000,0x0000000772147e10,0x0000000776380000)
 Metaspace       used 102052K, capacity 108916K, committed 109336K, reserved 1144832K
  class space    used 12776K, capacity 13941K, committed 14120K, reserved 1048576K
Event: 13285.943 GC heap after
Heap after GC invocations=77 (full 8):
 PSYoungGen      total 411648K, used 43670K [0x00000007a0000000, 0x00000007c0000000, 0x00000007c0000000)
  eden space 315392K, 0% used [0x00000007a0000000,0x00000007a0000000,0x00000007b3400000)
  from space 96256K, 45% used [0x00000007b3400000,0x00000007b5ea58b0,0x00000007b9200000)
  to   space 94720K, 0% used [0x00000007ba380000,0x00000007ba380000,0x00000007c0000000)
 ParOldGen       total 364032K, used 314325K [0x0000000760000000, 0x0000000776380000, 0x00000007a0000000)
  object space 364032K, 86% used [0x0000000760000000,0x00000007732f55b8,0x0000000776380000)
 Metaspace       used 102052K, capacity 108916K, committed 109336K, reserved 1144832K
  class space    used 12776K, capacity 13941K, committed 14120K, reserved 1048576K
}
Event: 13285.943 GC heap before
{Heap before GC invocations=78 (full 9):
 PSYoungGen      total 411648K, used 43670K [0x00000007a0000000, 0x00000007c0000000, 0x00000007c0000000)
  eden space 315392K, 0% used [0x00000007a0000000,0x00000007a0000000,0x00000007b3400000)
  from space 96256K, 45% used [0x00000007b3400000,0x00000007b5ea58b0,0x00000007b9200000)
  to   space 94720K, 0% used [0x00000007ba380000,0x00000007ba380000,0x00000007c0000000)
 ParOldGen       total 364032K, used 314325K [0x0000000760000000, 0x0000000776380000, 0x00000007a0000000)
  object space 364032K, 86% used [0x0000000760000000,0x00000007732f55b8,0x0000000776380000)
 Metaspace       used 102052K, capacity 108916K, committed 109336K, reserved 1144832K
  class space    used 12776K, capacity 13941K, committed 14120K, reserved 1048576K
Event: 13287.608 GC heap after
Heap after GC invocations=78 (full 9):
 PSYoungGen      total 411648K, used 0K [0x00000007a0000000, 0x00000007c0000000, 0x00000007c0000000)
  eden space 315392K, 0% used [0x00000007a0000000,0x00000007a0000000,0x00000007b3400000)
  from space 96256K, 0% used [0x00000007b3400000,0x00000007b3400000,0x00000007b9200000)
  to   space 94720K, 0% used [0x00000007ba380000,0x00000007ba380000,0x00000007c0000000)
 ParOldGen       total 316416K, used 121104K [0x0000000760000000, 0x0000000773500000, 0x00000007a0000000)
  object space 316416K, 38% used [0x0000000760000000,0x00000007676441b8,0x0000000773500000)
 Metaspace       used 102052K, capacity 108916K, committed 109336K, reserved 1144832K
  class space    used 12776K, capacity 13941K, committed 14120K, reserved 1048576K
}
Event: 13288.452 GC heap before
{Heap before GC invocations=79 (full 9):
 PSYoungGen      total 411648K, used 315372K [0x00000007a0000000, 0x00000007c0000000, 0x00000007c0000000)
  eden space 315392K, 99% used [0x00000007a0000000,0x00000007b33fb150,0x00000007b3400000)
  from space 96256K, 0% used [0x00000007b3400000,0x00000007b3400000,0x00000007b9200000)
  to   space 94720K, 0% used [0x00000007ba380000,0x00000007ba380000,0x00000007c0000000)
 ParOldGen       total 316416K, used 121104K [0x0000000760000000, 0x0000000773500000, 0x00000007a0000000)
  object space 316416K, 38% used [0x0000000760000000,0x00000007676441b8,0x0000000773500000)
 Metaspace       used 102056K, capacity 108916K, committed 109336K, reserved 1144832K
  class space    used 12776K, capacity 13941K, committed 14120K, reserved 1048576K
Event: 13288.717 GC heap after
Heap after GC invocations=79 (full 9):
 PSYoungGen      total 417280K, used 64329K [0x00000007a0000000, 0x00000007c0000000, 0x00000007c0000000)
  eden space 322560K, 0% used [0x00000007a0000000,0x00000007a0000000,0x00000007b3b00000)
  from space 94720K, 67% used [0x00000007ba380000,0x00000007be2524a8,0x00000007c0000000)
  to   space 100864K, 0% used [0x00000007b3b00000,0x00000007b3b00000,0x00000007b9d80000)
 ParOldGen       total 316416K, used 121104K [0x0000000760000000, 0x0000000773500000, 0x00000007a0000000)
  object space 316416K, 38% used [0x0000000760000000,0x00000007676441b8,0x0000000773500000)
 Metaspace       used 102056K, capacity 108916K, committed 109336K, reserved 1144832K
  class space    used 12776K, capacity 13941K, committed 14120K, reserved 1048576K
}
Event: 13290.638 GC heap before
{Heap before GC invocations=80 (full 9):
 PSYoungGen      total 417280K, used 386889K [0x00000007a0000000, 0x00000007c0000000, 0x00000007c0000000)
  eden space 322560K, 100% used [0x00000007a0000000,0x00000007b3b00000,0x00000007b3b00000)
  from space 94720K, 67% used [0x00000007ba380000,0x00000007be2524a8,0x00000007c0000000)
  to   space 100864K, 0% used [0x00000007b3b00000,0x00000007b3b00000,0x00000007b9d80000)
 ParOldGen       total 316416K, used 121104K [0x0000000760000000, 0x0000000773500000, 0x00000007a0000000)
  object space 316416K, 38% used [0x0000000760000000,0x00000007676441b8,0x0000000773500000)
 Metaspace       used 102064K, capacity 108916K, committed 109336K, reserved 1144832K
  class space    used 12776K, capacity 13941K, committed 14120K, reserved 1048576K
Event: 13290.924 GC heap after
Heap after GC invocations=80 (full 9):
 PSYoungGen      total 423424K, used 42058K [0x00000007a0000000, 0x00000007bfe00000, 0x00000007c0000000)
  eden space 322560K, 0% used [0x00000007a0000000,0x00000007a0000000,0x00000007b3b00000)
  from space 100864K, 41% used [0x00000007b3b00000,0x00000007b6412a18,0x00000007b9d80000)
  to   space 96768K, 0% used [0x00000007b9f80000,0x00000007b9f80000,0x00000007bfe00000)
 ParOldGen       total 316416K, used 181202K [0x0000000760000000, 0x0000000773500000, 0x00000007a0000000)
  object space 316416K, 57% used [0x0000000760000000,0x000000076b0f4a28,0x0000000773500000)
 Metaspace       used 102064K, capacity 108916K, committed 109336K, reserved 1144832K
  class space    used 12776K, capacity 13941K, committed 14120K, reserved 1048576K
}

